[debug] [2020-12-08T15:58:35.556Z] ----------------------------------------------------------------------
[debug] [2020-12-08T15:58:35.558Z] Command:       C:\Program Files\nodejs\node.exe C:\Users\naor\AppData\Roaming\npm\node_modules\firebase-tools\lib\bin\firebase.js init functions
[debug] [2020-12-08T15:58:35.558Z] CLI Version:   8.17.0
[debug] [2020-12-08T15:58:35.559Z] Platform:      win32
[debug] [2020-12-08T15:58:35.559Z] Node Version:  v15.0.1
[debug] [2020-12-08T15:58:35.562Z] Time:          Tue Dec 08 2020 17:58:35 GMT+0200 (שעון ישראל (חורף))
[debug] [2020-12-08T15:58:35.562Z] ----------------------------------------------------------------------
[debug] [2020-12-08T15:58:35.562Z] 
[debug] [2020-12-08T15:58:35.564Z] >>> [apiv2][query] GET https://firebase-public.firebaseio.com/cli.json [none]
[debug] [2020-12-08T15:58:35.582Z] > command requires scopes: ["email","openid","https://www.googleapis.com/auth/cloudplatformprojects.readonly","https://www.googleapis.com/auth/firebase","https://www.googleapis.com/auth/cloud-platform"]
[debug] [2020-12-08T15:58:35.583Z] > authorizing via signed-in user
[info] 
     ######## #### ########  ######## ########     ###     ######  ########
     ##        ##  ##     ## ##       ##     ##  ##   ##  ##       ##
     ######    ##  ########  ######   ########  #########  ######  ######
     ##        ##  ##    ##  ##       ##     ## ##     ##       ## ##
     ##       #### ##     ## ######## ########  ##     ##  ######  ########

You're about to initialize a Firebase project in this directory:

  C:\Users\naor\react-project-2-naor789

Before we get started, keep in mind:

  * You are initializing in an existing Firebase project directory

[debug] [2020-12-08T15:58:36.347Z] <<< [apiv2][status] GET https://firebase-public.firebaseio.com/cli.json 200
[debug] [2020-12-08T15:58:36.347Z] <<< [apiv2][body] GET https://firebase-public.firebaseio.com/cli.json {"cloudBuildErrorAfter":1594252800000,"cloudBuildWarnAfter":1590019200000,"defaultNode10After":1594252800000,"minVersion":"3.0.5","node8DeploysDisabledAfter":1613390400000,"node8RuntimeDisabledAfter":1615809600000,"node8WarnAfter":1600128000000}
